2021-09-23 04:56:56 +0000  Initial pipeline context: <IDEDistributionProcessingPipelineContext: 0x7fc79bc9d3b0; archive(resolved)='<IDEArchive: 0x7fc797095000>', distributionTask(resolved)='2', distributionDestination(resolved)='1', distributionMethod(resolved)='<IDEDistributionMethodDevelopmentSigned: 0x7fc7d4cb2740>', team(resolved)='<IDEProvisioningDisambiguatableBasicTeam: 0x7fc7dcf7b870; teamID='FS5Q6C42P9', teamName='Bang Dinh', teamType='Individual', username='bangdinh.hcm@gmail.com', isFreeProvisioningTeam='0'>'>
	Chain (14, self inclusive):
	<IDEDistributionProcessingPipelineContext: 0x7fc79bc9d3b0; archive = '<IDEArchive: 0x7fc797095000>', distributionMethod='<IDEDistributionMethodDevelopmentSigned: 0x7fc7d4cb2740>', team='<IDEProvisioningDisambiguatableBasicTeam: 0x7fc7dcf7b870; teamID='FS5Q6C42P9', teamName='Bang Dinh', teamType='Individual', username='bangdinh.hcm@gmail.com', isFreeProvisioningTeam='0'>'>
	<IDEDistributionProcessingPipelineContext: 0x7fc79bca8a90; archive = '<IDEArchive: 0x7fc797095000>', distributionMethod='<IDEDistributionMethodDevelopmentSigned: 0x7fc7d4cb2740>', team='<IDEProvisioningDisambiguatableBasicTeam: 0x7fc7dcf7b870; teamID='FS5Q6C42P9', teamName='Bang Dinh', teamType='Individual', username='bangdinh.hcm@gmail.com', isFreeProvisioningTeam='0'>'>
	<IDEDistributionContext: 0x7fc79a0c5bc0; archive = '<IDEArchive: 0x7fc797095000>', distributionMethod='<IDEDistributionMethodDevelopmentSigned: 0x7fc7d4cb2740>', team='<IDEProvisioningDisambiguatableBasicTeam: 0x7fc7dcf7b870; teamID='FS5Q6C42P9', teamName='Bang Dinh', teamType='Individual', username='bangdinh.hcm@gmail.com', isFreeProvisioningTeam='0'>'>
	<IDEDistributionContext: 0x7fc79a6f4800; archive = '<IDEArchive: 0x7fc797095000>', distributionMethod='<IDEDistributionMethodDevelopmentSigned: 0x7fc7d4cb2740>', team='<IDEProvisioningDisambiguatableBasicTeam: 0x7fc7dcf7b870; teamID='FS5Q6C42P9', teamName='Bang Dinh', teamType='Individual', username='bangdinh.hcm@gmail.com', isFreeProvisioningTeam='0'>'>
	<IDEDistributionContext: 0x7fc796fb7fe0; archive = '<IDEArchive: 0x7fc797095000>', distributionMethod='<IDEDistributionMethodDevelopmentSigned: 0x7fc7d4cb2740>', team='<IDEProvisioningDisambiguatableBasicTeam: 0x7fc7dcf7b870; teamID='FS5Q6C42P9', teamName='Bang Dinh', teamType='Individual', username='bangdinh.hcm@gmail.com', isFreeProvisioningTeam='0'>'>
	<IDEDistributionContext: 0x7fc79ba63be0; archive = '<IDEArchive: 0x7fc797095000>', distributionMethod='<IDEDistributionMethodDevelopmentSigned: 0x7fc7d4cb2740>', team='<IDEProvisioningDisambiguatableBasicTeam: 0x7fc7dcf7b870; teamID='FS5Q6C42P9', teamName='Bang Dinh', teamType='Individual', username='bangdinh.hcm@gmail.com', isFreeProvisioningTeam='0'>'>
	<IDEDistributionContext: 0x7fc79bc7e5a0; archive = '<IDEArchive: 0x7fc797095000>', distributionMethod='<IDEDistributionMethodDevelopmentSigned: 0x7fc7d4cb2740>', team='<IDEProvisioningDisambiguatableBasicTeam: 0x7fc7dcf7b870; teamID='FS5Q6C42P9', teamName='Bang Dinh', teamType='Individual', username='bangdinh.hcm@gmail.com', isFreeProvisioningTeam='0'>'>
	<IDEDistributionContext: 0x7fc79bc769a0; archive = '<IDEArchive: 0x7fc797095000>', distributionMethod='<IDEDistributionMethodDevelopmentSigned: 0x7fc7d4cb2740>', team='<IDEProvisioningDisambiguatableBasicTeam: 0x7fc7dcf7b870; teamID='FS5Q6C42P9', teamName='Bang Dinh', teamType='Individual', username='bangdinh.hcm@gmail.com', isFreeProvisioningTeam='0'>'>
	<IDEDistributionContext: 0x7fc79a6292e0; archive = '<IDEArchive: 0x7fc797095000>', distributionMethod='<IDEDistributionMethodDevelopmentSigned: 0x7fc7d4cb2740>', team='<IDEProvisioningDisambiguatableBasicTeam: 0x7fc7dcf7b870; teamID='FS5Q6C42P9', teamName='Bang Dinh', teamType='Individual', username='bangdinh.hcm@gmail.com', isFreeProvisioningTeam='0'>'>
	<IDEDistributionContext: 0x7fc79a6cabc0; archive = '<IDEArchive: 0x7fc797095000>', distributionMethod='<IDEDistributionMethodDevelopmentSigned: 0x7fc7d4cb2740>', team='(null)'>
	<IDEDistributionContext: 0x7fc79a6bb4c0; archive = '<IDEArchive: 0x7fc797095000>', distributionMethod='<IDEDistributionMethodDevelopmentSigned: 0x7fc7d4cb2740>', team='(null)'>
	<IDEDistributionContext: 0x7fc79a6ac910; archive = '<IDEArchive: 0x7fc797095000>', distributionMethod='<IDEDistributionMethodDevelopmentSigned: 0x7fc7d4cb2740>', team='(null)'>
	<IDEDistributionContext: 0x7fc79f9afad0; archive = '<IDEArchive: 0x7fc797095000>', distributionMethod='<IDEDistributionMethodDevelopmentSigned: 0x7fc7d4cb2740>', team='(null)'>
	<IDEDistributionContext: 0x7fc79bcaaf10; archive = '<IDEArchive: 0x7fc797095000>', distributionMethod='(null)', team='(null)'>
</IDEDistributionProcessingPipelineContext: 0x7fc79bc9d3b0>
2021-09-23 04:56:56 +0000  Processing step: IDEDistributionCreateDestRootStep
2021-09-23 04:56:56 +0000  Processing step: IDEDistributionCopyItemStep
2021-09-23 04:56:56 +0000  Running /usr/bin/ditto '-V' '/Users/bangdinh/Library/Developer/Xcode/Archives/2021-09-23/hakawi 23-09-2021, 11.37.xcarchive/Products/Applications/hakawi.app' '/var/folders/yx/bc1yrv7n5vj5xwghg3rg06d00000gn/T/XcodeDistPipeline.~~~MV5UX8/Root/Payload/hakawi.app'
2021-09-23 04:56:56 +0000  >>> Copying /Users/bangdinh/Library/Developer/Xcode/Archives/2021-09-23/hakawi 23-09-2021, 11.37.xcarchive/Products/Applications/hakawi.app 
2021-09-23 04:56:56 +0000  copying file ./_CodeSignature/CodeResources ... 
2021-09-23 04:56:56 +0000  20966 bytes for ./_CodeSignature/CodeResources
2021-09-23 04:56:56 +0000  copying file ./SplashScreen.storyboardc/EXPO-VIEWCONTROLLER-1-view-EXPO-ContainerView.nib ... 
2021-09-23 04:56:56 +0000  2401 bytes for ./SplashScreen.storyboardc/EXPO-VIEWCONTROLLER-1-view-EXPO-ContainerView.nib
2021-09-23 04:56:56 +0000  copying file ./SplashScreen.storyboardc/SplashScreenViewController.nib ... 
2021-09-23 04:56:56 +0000  976 bytes for ./SplashScreen.storyboardc/SplashScreenViewController.nib
2021-09-23 04:56:56 +0000  copying file ./SplashScreen.storyboardc/Info.plist ... 
2021-09-23 04:56:56 +0000  225 bytes for ./SplashScreen.storyboardc/Info.plist
2021-09-23 04:56:56 +0000  copying file ./ChauPhilomeneOne-Italic.ttf ... 
2021-09-23 04:56:56 +0000  42956 bytes for ./ChauPhilomeneOne-Italic.ttf
2021-09-23 04:56:56 +0000  copying file ./ChakraPetch-BoldItalic.ttf ... 
2021-09-23 04:56:56 +0000  73704 bytes for ./ChakraPetch-BoldItalic.ttf
copying file ./ChakraPetch-Regular.ttf ... 
2021-09-23 04:56:56 +0000  71456 bytes for ./ChakraPetch-Regular.ttf
2021-09-23 04:56:56 +0000  copying file ./ChakraPetch-SemiBoldItalic.ttf ... 
2021-09-23 04:56:56 +0000  73900 bytes for ./ChakraPetch-SemiBoldItalic.ttf
copying file ./BungeeInline-Regular.ttf ... 
2021-09-23 04:56:56 +0000  174348 bytes for ./BungeeInline-Regular.ttf
2021-09-23 04:56:56 +0000  copying file ./ChakraPetch-Bold.ttf ... 
2021-09-23 04:56:56 +0000  71364 bytes for ./ChakraPetch-Bold.ttf
2021-09-23 04:56:56 +0000  copying file ./AppIcon60x60@2x.png ... 
2021-09-23 04:56:56 +0000  9162 bytes for ./AppIcon60x60@2x.png
2021-09-23 04:56:56 +0000  copying file ./ChakraPetch-Italic.ttf ... 
2021-09-23 04:56:56 +0000  73708 bytes for ./ChakraPetch-Italic.ttf
2021-09-23 04:56:56 +0000  copying file ./AccessibilityResources.bundle/en.lproj/Localizable.strings ... 
2021-09-23 04:56:56 +0000  530 bytes for ./AccessibilityResources.bundle/en.lproj/Localizable.strings
2021-09-23 04:56:56 +0000  copying file ./AccessibilityResources.bundle/Info.plist ... 
2021-09-23 04:56:56 +0000  745 bytes for ./AccessibilityResources.bundle/Info.plist
2021-09-23 04:56:56 +0000  copying file ./ChakraPetch-MediumItalic.ttf ... 
2021-09-23 04:56:56 +0000  73876 bytes for ./ChakraPetch-MediumItalic.ttf
2021-09-23 04:56:56 +0000  copying file ./Base.lproj/LaunchScreen.nib ... 
2021-09-23 04:56:56 +0000  2558 bytes for ./Base.lproj/LaunchScreen.nib
2021-09-23 04:56:56 +0000  copying file ./hakawi ... 
2021-09-23 04:56:56 +0000  4789840 bytes for ./hakawi
2021-09-23 04:56:56 +0000  copying file ./ChakraPetch-Light.ttf ... 
2021-09-23 04:56:56 +0000  71808 bytes for ./ChakraPetch-Light.ttf
2021-09-23 04:56:56 +0000  copying file ./Assets.car ... 
2021-09-23 04:56:56 +0000  511855 bytes for ./Assets.car
2021-09-23 04:56:56 +0000  copying file ./app.config ... 
2021-09-23 04:56:56 +0000  641 bytes for ./app.config
copying file ./AppIcon76x76@2x~ipad.png ... 
2021-09-23 04:56:56 +0000  12357 bytes for ./AppIcon76x76@2x~ipad.png
copying file ./ChakraPetch-SemiBold.ttf ... 
2021-09-23 04:56:56 +0000  71524 bytes for ./ChakraPetch-SemiBold.ttf
2021-09-23 04:56:56 +0000  copying file ./main.jsbundle ... 
2021-09-23 04:56:56 +0000  3280657 bytes for ./main.jsbundle
copying file ./app.manifest ... 
2021-09-23 04:56:56 +0000  9981 bytes for ./app.manifest
2021-09-23 04:56:56 +0000  copying file ./ChakraPetch-Medium.ttf ... 
2021-09-23 04:56:56 +0000  71508 bytes for ./ChakraPetch-Medium.ttf
copying file ./ChakraPetch-LightItalic.ttf ... 
2021-09-23 04:56:56 +0000  74088 bytes for ./ChakraPetch-LightItalic.ttf
2021-09-23 04:56:56 +0000  copying file ./Frameworks/libswiftCore.dylib ... 
2021-09-23 04:56:57 +0000  23297568 bytes for ./Frameworks/libswiftCore.dylib
2021-09-23 04:56:57 +0000  copying file ./embedded.mobileprovision ... 
18419 bytes for ./embedded.mobileprovision
2021-09-23 04:56:57 +0000  copying file ./assets/node_modules/expo-gl/package.json ... 
2021-09-23 04:56:57 +0000  1358 bytes for ./assets/node_modules/expo-gl/package.json
2021-09-23 04:56:57 +0000  copying file ./assets/node_modules/css-tree/package.json ... 
2021-09-23 04:56:57 +0000  1977 bytes for ./assets/node_modules/css-tree/package.json
2021-09-23 04:56:57 +0000  copying file ./assets/node_modules/css-tree/data/patch.json ... 
2021-09-23 04:56:57 +0000  38458 bytes for ./assets/node_modules/css-tree/data/patch.json
2021-09-23 04:56:57 +0000  copying file ./assets/node_modules/dom-serializer/foreignNames.json ... 
2021-09-23 04:56:57 +0000  3149 bytes for ./assets/node_modules/dom-serializer/foreignNames.json
2021-09-23 04:56:57 +0000  copying file ./assets/node_modules/@react-navigation/elements/src/assets/back-icon@3x.png ... 
2021-09-23 04:56:57 +0000  761 bytes for ./assets/node_modules/@react-navigation/elements/src/assets/back-icon@3x.png
copying file ./assets/node_modules/@react-navigation/elements/src/assets/back-icon@2x.png ... 
2021-09-23 04:56:57 +0000  405 bytes for ./assets/node_modules/@react-navigation/elements/src/assets/back-icon@2x.png
copying file ./assets/node_modules/@react-navigation/elements/src/assets/back-icon.png ... 
2021-09-23 04:56:57 +0000  290 bytes for ./assets/node_modules/@react-navigation/elements/src/assets/back-icon.png
2021-09-23 04:56:57 +0000  copying file ./assets/node_modules/@react-navigation/elements/src/assets/back-icon-mask.png ... 
2021-09-23 04:56:57 +0000  913 bytes for ./assets/node_modules/@react-navigation/elements/src/assets/back-icon-mask.png
2021-09-23 04:56:57 +0000  copying file ./assets/node_modules/css-select/lib/procedure.json ... 
2021-09-23 04:56:57 +0000  145 bytes for ./assets/node_modules/css-select/lib/procedure.json
2021-09-23 04:56:57 +0000  copying file ./assets/node_modules/mdn-data/css/at-rules.json ... 
2021-09-23 04:56:57 +0000  16632 bytes for ./assets/node_modules/mdn-data/css/at-rules.json
2021-09-23 04:56:57 +0000  copying file ./assets/node_modules/mdn-data/css/properties.json ... 
2021-09-23 04:56:57 +0000  265782 bytes for ./assets/node_modules/mdn-data/css/properties.json
2021-09-23 04:56:57 +0000  copying file ./assets/node_modules/mdn-data/css/syntaxes.json ... 
2021-09-23 04:56:57 +0000  26634 bytes for ./assets/node_modules/mdn-data/css/syntaxes.json
2021-09-23 04:56:57 +0000  copying file ./assets/node_modules/entities/lib/maps/xml.json ... 
2021-09-23 04:56:57 +0000  53 bytes for ./assets/node_modules/entities/lib/maps/xml.json
2021-09-23 04:56:57 +0000  copying file ./assets/node_modules/entities/lib/maps/decode.json ... 
2021-09-23 04:56:57 +0000  299 bytes for ./assets/node_modules/entities/lib/maps/decode.json
copying file ./assets/node_modules/entities/lib/maps/entities.json ... 
2021-09-23 04:56:57 +0000  32977 bytes for ./assets/node_modules/entities/lib/maps/entities.json
copying file ./assets/node_modules/entities/lib/maps/legacy.json ... 
2021-09-23 04:56:57 +0000  1356 bytes for ./assets/node_modules/entities/lib/maps/legacy.json
2021-09-23 04:56:57 +0000  copying file ./assets/assets/images/completed/checked.png ... 
2021-09-23 04:56:57 +0000  9370 bytes for ./assets/assets/images/completed/checked.png
2021-09-23 04:56:57 +0000  copying file ./assets/assets/images/home/girl.png ... 
2021-09-23 04:56:57 +0000  78657 bytes for ./assets/assets/images/home/girl.png
copying file ./assets/assets/images/home/man.png ... 
2021-09-23 04:56:57 +0000  80765 bytes for ./assets/assets/images/home/man.png
2021-09-23 04:56:57 +0000  copying file ./assets/assets/images/home/path_right.png ... 
2021-09-23 04:56:57 +0000  4316 bytes for ./assets/assets/images/home/path_right.png
copying file ./assets/assets/images/home/path_left.png ... 
2021-09-23 04:56:57 +0000  3685 bytes for ./assets/assets/images/home/path_left.png
2021-09-23 04:56:57 +0000  copying file ./assets/assets/images/bottom_button/mission_night.png ... 
2021-09-23 04:56:57 +0000  11367 bytes for ./assets/assets/images/bottom_button/mission_night.png
2021-09-23 04:56:57 +0000  copying file ./assets/assets/images/bottom_button/mission.png ... 
2021-09-23 04:56:57 +0000  11481 bytes for ./assets/assets/images/bottom_button/mission.png
copying file ./assets/assets/images/bottom_button/collectibles.png ... 
2021-09-23 04:56:57 +0000  9890 bytes for ./assets/assets/images/bottom_button/collectibles.png
copying file ./assets/assets/images/bottom_button/friends.png ... 
2021-09-23 04:56:57 +0000  8714 bytes for ./assets/assets/images/bottom_button/friends.png
2021-09-23 04:56:57 +0000  copying file ./assets/assets/images/bottom_button/friends_night.png ... 
2021-09-23 04:56:57 +0000  8653 bytes for ./assets/assets/images/bottom_button/friends_night.png
copying file ./assets/assets/images/bottom_button/market_night.png ... 
2021-09-23 04:56:57 +0000  7409 bytes for ./assets/assets/images/bottom_button/market_night.png
copying file ./assets/assets/images/bottom_button/market.png ... 
2021-09-23 04:56:57 +0000  7442 bytes for ./assets/assets/images/bottom_button/market.png
copying file ./assets/assets/images/bottom_button/collectibles_night.png ... 
2021-09-23 04:56:57 +0000  9835 bytes for ./assets/assets/images/bottom_button/collectibles_night.png
2021-09-23 04:56:57 +0000  copying file ./assets/assets/images/new_item/cow.png ... 
2021-09-23 04:56:57 +0000  17667 bytes for ./assets/assets/images/new_item/cow.png
copying file ./assets/assets/images/new_item/light.png ... 
2021-09-23 04:56:57 +0000  449348 bytes for ./assets/assets/images/new_item/light.png
2021-09-23 04:56:57 +0000  copying file ./assets/assets/images/background_night.png ... 
2021-09-23 04:56:57 +0000  153529 bytes for ./assets/assets/images/background_night.png
2021-09-23 04:56:57 +0000  copying file ./assets/assets/images/background.png ... 
2021-09-23 04:56:57 +0000  168076 bytes for ./assets/assets/images/background.png
2021-09-23 04:56:57 +0000  copying file ./assets/assets/images/mission/walking.png ... 
2021-09-23 04:56:57 +0000  88485 bytes for ./assets/assets/images/mission/walking.png
2021-09-23 04:56:57 +0000  copying file ./assets/assets/images/mission/exercise.png ... 
2021-09-23 04:56:57 +0000  14057 bytes for ./assets/assets/images/mission/exercise.png
2021-09-23 04:56:57 +0000  copying file ./assets/assets/images/mission/smile.png ... 
2021-09-23 04:56:57 +0000  112490 bytes for ./assets/assets/images/mission/smile.png
2021-09-23 04:56:57 +0000  copying file ./assets/assets/images/health_progress/heart_red.png ... 
2021-09-23 04:56:57 +0000  1761 bytes for ./assets/assets/images/health_progress/heart_red.png
2021-09-23 04:56:57 +0000  copying file ./assets/assets/images/health_progress/heart.png ... 
2021-09-23 04:56:57 +0000  1860 bytes for ./assets/assets/images/health_progress/heart.png
2021-09-23 04:56:57 +0000  copying file ./assets/assets/images/play/machine.png ... 
2021-09-23 04:56:57 +0000  17715 bytes for ./assets/assets/images/play/machine.png
copying file ./assets/assets/images/play/chicken.png ... 
2021-09-23 04:56:57 +0000  4287 bytes for ./assets/assets/images/play/chicken.png
copying file ./assets/assets/images/play/cow.png ... 
2021-09-23 04:56:57 +0000  12676 bytes for ./assets/assets/images/play/cow.png
copying file ./assets/assets/images/play/house.png ... 
2021-09-23 04:56:57 +0000  6689 bytes for ./assets/assets/images/play/house.png
copying file ./assets/assets/images/play/tree.png ... 
2021-09-23 04:56:57 +0000  8735 bytes for ./assets/assets/images/play/tree.png
2021-09-23 04:56:57 +0000  copying file ./assets/assets/images/back_button/back_btn.png ... 
2021-09-23 04:56:57 +0000  5631 bytes for ./assets/assets/images/back_button/back_btn.png
2021-09-23 04:56:57 +0000  copying file ./Info.plist ... 
2021-09-23 04:56:57 +0000  2434 bytes for ./Info.plist
copying file ./ChauPhilomeneOne-Regular.ttf ... 
2021-09-23 04:56:57 +0000  38672 bytes for ./ChauPhilomeneOne-Regular.ttf
copying file ./Expo.plist ... 
2021-09-23 04:56:57 +0000  219 bytes for ./Expo.plist
2021-09-23 04:56:57 +0000  copying file ./PkgInfo ... 
2021-09-23 04:56:57 +0000  8 bytes for ./PkgInfo
2021-09-23 04:56:57 +0000  /usr/bin/ditto exited with 0
2021-09-23 04:56:57 +0000  Processing step: IDEDistributionEmbedProfileStep
2021-09-23 04:56:57 +0000  Skipping profile for item: <IDEDistributionItem: 0x7fc7a71ad040; bundleID='com.apple.dt.runtime.swiftCore', path='<DVTFilePath:0x7fc7985af9c0:'/Users/bangdinh/Library/Developer/Xcode/Archives/2021-09-23/hakawi 23-09-2021, 11.37.xcarchive/Products/Applications/hakawi.app/Frameworks/libswiftCore.dylib'>', codeSigningInfo='<_DVTCodeSigningInformation_Path: 0x7fc79c58f030; isSigned='1', isAdHocSigned='0', signingCertificate='<DVTSigningCertificate: 0x7fc7de92a2f0; name='Apple Development: Bang Dinh (6X8U76NLN4)', hash='826F393661769A1DBE8D0EE3B8C503DE6E989039', serialNumber='<DVTSigningCertificateSerialNumber: 0x7fc7c330ce20>', certificateKinds='(
    "1.2.840.113635.100.6.1.12",
    "1.2.840.113635.100.6.1.2"
), issueDate='2021-06-04 02:41:59 +0000''>', entitlements='(null)', teamID='FS5Q6C42P9', identifier='com.apple.dt.runtime.swiftCore', executablePath='<DVTFilePath:0x7fc7985af9c0:'/Users/bangdinh/Library/Developer/Xcode/Archives/2021-09-23/hakawi 23-09-2021, 11.37.xcarchive/Products/Applications/hakawi.app/Frameworks/libswiftCore.dylib'>', hardenedRuntime='0'>'>
2021-09-23 04:56:57 +0000  Processing step: IDEDistributionInfoPlistStep
2021-09-23 04:56:57 +0000  Skipping step: IDEDistributionInfoPlistStep because it said so
2021-09-23 04:56:57 +0000  Skipping step: IDEDistributionInfoPlistStep because it said so
2021-09-23 04:56:57 +0000  Processing step: IDEDistributionAppThinningPlistStep
2021-09-23 04:56:57 +0000  Skipping step: IDEDistributionAppThinningPlistStep because it said so
2021-09-23 04:56:57 +0000  Processing step: IDEDistributionCompileBitcodeStep
2021-09-23 04:56:57 +0000  Skipping step: IDEDistributionCompileBitcodeStep because it said so
2021-09-23 04:56:57 +0000  Processing step: IDEDistributionCodeSlimmingStep
2021-09-23 04:56:57 +0000  Processing step: IDEDistributionCopyBCSymbolMapsStep
2021-09-23 04:56:57 +0000  Skipping step: IDEDistributionCopyBCSymbolMapsStep because it said so
2021-09-23 04:56:57 +0000  Skipping step: IDEDistributionCopyBCSymbolMapsStep because it said so
2021-09-23 04:56:57 +0000  Processing step: IDEDistributionSymbolsStep
2021-09-23 04:56:57 +0000  Skipping step: IDEDistributionSymbolsStep because it said so
2021-09-23 04:56:57 +0000  Skipping step: IDEDistributionSymbolsStep because it said so
2021-09-23 04:56:57 +0000  Processing step: IDEDistributionAppThinningStep
2021-09-23 04:56:57 +0000  Skipping step: IDEDistributionAppThinningStep because it said so
2021-09-23 04:56:57 +0000  Processing step: IDEDistributionArchThinningStep
2021-09-23 04:56:57 +0000  Running /Applications/Xcode.app/Contents/Developer/Toolchains/XcodeDefault.xctoolchain/usr/bin/lipo '/var/folders/yx/bc1yrv7n5vj5xwghg3rg06d00000gn/T/XcodeDistPipeline.~~~MV5UX8/Root/Payload/hakawi.app/Frameworks/libswiftCore.dylib' '-verify_arch' 'arm64e'
2021-09-23 04:56:57 +0000  /Applications/Xcode.app/Contents/Developer/Toolchains/XcodeDefault.xctoolchain/usr/bin/lipo exited with 0
2021-09-23 04:56:57 +0000  Running /Applications/Xcode.app/Contents/Developer/Toolchains/XcodeDefault.xctoolchain/usr/bin/lipo '/var/folders/yx/bc1yrv7n5vj5xwghg3rg06d00000gn/T/XcodeDistPipeline.~~~MV5UX8/Root/Payload/hakawi.app/Frameworks/libswiftCore.dylib' '-remove' 'arm64e' '-output' '/var/folders/yx/bc1yrv7n5vj5xwghg3rg06d00000gn/T/XcodeDistPipeline.~~~MV5UX8/Root/Payload/hakawi.app/Frameworks/libswiftCore.dylib'
2021-09-23 04:56:57 +0000  /Applications/Xcode.app/Contents/Developer/Toolchains/XcodeDefault.xctoolchain/usr/bin/lipo exited with 0
2021-09-23 04:56:57 +0000  Successfully thinned item "libswiftCore.dylib", arch "arm64e"
2021-09-23 04:56:57 +0000  Running /Applications/Xcode.app/Contents/Developer/Toolchains/XcodeDefault.xctoolchain/usr/bin/lipo '/var/folders/yx/bc1yrv7n5vj5xwghg3rg06d00000gn/T/XcodeDistPipeline.~~~MV5UX8/Root/Payload/hakawi.app/hakawi' '-verify_arch' 'arm64e'
2021-09-23 04:56:57 +0000  /Applications/Xcode.app/Contents/Developer/Toolchains/XcodeDefault.xctoolchain/usr/bin/lipo exited with 1
2021-09-23 04:56:57 +0000  Skipping architecture thinning for item "hakawi" because arch "arm64e" wasn't found
2021-09-23 04:56:57 +0000  Processing step: IDEDistributionODRStep
2021-09-23 04:56:57 +0000  Processing step: IDEDistributionStripXattrsStep
2021-09-23 04:56:57 +0000  Skipping stripping extended attributes of item: <IDEDistributionItem: 0x7fc7a71ad040; bundleID='com.apple.dt.runtime.swiftCore', path='<DVTFilePath:0x7fc7985af9c0:'/Users/bangdinh/Library/Developer/Xcode/Archives/2021-09-23/hakawi 23-09-2021, 11.37.xcarchive/Products/Applications/hakawi.app/Frameworks/libswiftCore.dylib'>', codeSigningInfo='<_DVTCodeSigningInformation_Path: 0x7fc79c58f030; isSigned='1', isAdHocSigned='0', signingCertificate='<DVTSigningCertificate: 0x7fc7d481a400; name='Apple Development: Bang Dinh (6X8U76NLN4)', hash='826F393661769A1DBE8D0EE3B8C503DE6E989039', serialNumber='<DVTSigningCertificateSerialNumber: 0x7fc7de3734e0>', certificateKinds='(
    "1.2.840.113635.100.6.1.12",
    "1.2.840.113635.100.6.1.2"
), issueDate='2021-06-04 02:41:59 +0000''>', entitlements='(null)', teamID='FS5Q6C42P9', identifier='com.apple.dt.runtime.swiftCore', executablePath='<DVTFilePath:0x7fc7985af9c0:'/Users/bangdinh/Library/Developer/Xcode/Archives/2021-09-23/hakawi 23-09-2021, 11.37.xcarchive/Products/Applications/hakawi.app/Frameworks/libswiftCore.dylib'>', hardenedRuntime='0'>'>
2021-09-23 04:56:57 +0000  Running /usr/bin/xattr '-crs' '/var/folders/yx/bc1yrv7n5vj5xwghg3rg06d00000gn/T/XcodeDistPipeline.~~~MV5UX8/Root/Payload/hakawi.app'
2021-09-23 04:56:57 +0000  /usr/bin/xattr exited with 0
2021-09-23 04:56:57 +0000  Processing step: IDEDistributionCodesignStep
2021-09-23 04:56:57 +0000  Entitlements for <IDEDistributionItem: 0x7fc7a71ad040; bundleID='com.apple.dt.runtime.swiftCore', path='<DVTFilePath:0x7fc7985af9c0:'/Users/bangdinh/Library/Developer/Xcode/Archives/2021-09-23/hakawi 23-09-2021, 11.37.xcarchive/Products/Applications/hakawi.app/Frameworks/libswiftCore.dylib'>', codeSigningInfo='<_DVTCodeSigningInformation_Path: 0x7fc79c58f030; isSigned='1', isAdHocSigned='0', signingCertificate='<DVTSigningCertificate: 0x7fc798382c40; name='Apple Development: Bang Dinh (6X8U76NLN4)', hash='826F393661769A1DBE8D0EE3B8C503DE6E989039', serialNumber='<DVTSigningCertificateSerialNumber: 0x7fc7968ca460>', certificateKinds='(
    "1.2.840.113635.100.6.1.12",
    "1.2.840.113635.100.6.1.2"
), issueDate='2021-06-04 02:41:59 +0000''>', entitlements='(null)', teamID='FS5Q6C42P9', identifier='com.apple.dt.runtime.swiftCore', executablePath='<DVTFilePath:0x7fc7985af9c0:'/Users/bangdinh/Library/Developer/Xcode/Archives/2021-09-23/hakawi 23-09-2021, 11.37.xcarchive/Products/Applications/hakawi.app/Frameworks/libswiftCore.dylib'>', hardenedRuntime='0'>'>: {
}
2021-09-23 04:56:57 +0000  Entitlements for <IDEDistributionItem: 0x7fc7a71ad040; bundleID='com.apple.dt.runtime.swiftCore', path='<DVTFilePath:0x7fc7985af9c0:'/Users/bangdinh/Library/Developer/Xcode/Archives/2021-09-23/hakawi 23-09-2021, 11.37.xcarchive/Products/Applications/hakawi.app/Frameworks/libswiftCore.dylib'>', codeSigningInfo='<_DVTCodeSigningInformation_Path: 0x7fc79c58f030; isSigned='1', isAdHocSigned='0', signingCertificate='<DVTSigningCertificate: 0x7fc79bc97c60; name='Apple Development: Bang Dinh (6X8U76NLN4)', hash='826F393661769A1DBE8D0EE3B8C503DE6E989039', serialNumber='<DVTSigningCertificateSerialNumber: 0x7fc79688fe20>', certificateKinds='(
    "1.2.840.113635.100.6.1.12",
    "1.2.840.113635.100.6.1.2"
), issueDate='2021-06-04 02:41:59 +0000''>', entitlements='(null)', teamID='FS5Q6C42P9', identifier='com.apple.dt.runtime.swiftCore', executablePath='<DVTFilePath:0x7fc7985af9c0:'/Users/bangdinh/Library/Developer/Xcode/Archives/2021-09-23/hakawi 23-09-2021, 11.37.xcarchive/Products/Applications/hakawi.app/Frameworks/libswiftCore.dylib'>', hardenedRuntime='0'>'> are: {
}
2021-09-23 04:56:57 +0000  Writing entitlements for <IDEDistributionItem: 0x7fc7a71ad040; bundleID='com.apple.dt.runtime.swiftCore', path='<DVTFilePath:0x7fc7985af9c0:'/Users/bangdinh/Library/Developer/Xcode/Archives/2021-09-23/hakawi 23-09-2021, 11.37.xcarchive/Products/Applications/hakawi.app/Frameworks/libswiftCore.dylib'>', codeSigningInfo='<_DVTCodeSigningInformation_Path: 0x7fc79c58f030; isSigned='1', isAdHocSigned='0', signingCertificate='<DVTSigningCertificate: 0x7fc79bca5b50; name='Apple Development: Bang Dinh (6X8U76NLN4)', hash='826F393661769A1DBE8D0EE3B8C503DE6E989039', serialNumber='<DVTSigningCertificateSerialNumber: 0x7fc796811c80>', certificateKinds='(
    "1.2.840.113635.100.6.1.12",
    "1.2.840.113635.100.6.1.2"
), issueDate='2021-06-04 02:41:59 +0000''>', entitlements='(null)', teamID='FS5Q6C42P9', identifier='com.apple.dt.runtime.swiftCore', executablePath='<DVTFilePath:0x7fc7985af9c0:'/Users/bangdinh/Library/Developer/Xcode/Archives/2021-09-23/hakawi 23-09-2021, 11.37.xcarchive/Products/Applications/hakawi.app/Frameworks/libswiftCore.dylib'>', hardenedRuntime='0'>'> to: /var/folders/yx/bc1yrv7n5vj5xwghg3rg06d00000gn/T/XcodeDistPipeline.~~~MV5UX8/entitlements~~~3q5pZC
2021-09-23 04:56:57 +0000  Running /usr/bin/codesign '-vvv' '--force' '--sign' '826F393661769A1DBE8D0EE3B8C503DE6E989039' '--entitlements' '/var/folders/yx/bc1yrv7n5vj5xwghg3rg06d00000gn/T/XcodeDistPipeline.~~~MV5UX8/entitlements~~~3q5pZC' '--preserve-metadata=identifier,flags,runtime' '/var/folders/yx/bc1yrv7n5vj5xwghg3rg06d00000gn/T/XcodeDistPipeline.~~~MV5UX8/Root/Payload/hakawi.app/Frameworks/libswiftCore.dylib'
2021-09-23 04:56:57 +0000  /var/folders/yx/bc1yrv7n5vj5xwghg3rg06d00000gn/T/XcodeDistPipeline.~~~MV5UX8/Root/Payload/hakawi.app/Frameworks/libswiftCore.dylib: replacing existing signature
2021-09-23 04:56:58 +0000  /var/folders/yx/bc1yrv7n5vj5xwghg3rg06d00000gn/T/XcodeDistPipeline.~~~MV5UX8/Root/Payload/hakawi.app/Frameworks/libswiftCore.dylib: signed Mach-O universal (armv7 armv7s arm64) [com.apple.dt.runtime.swiftCore]
2021-09-23 04:56:58 +0000  /usr/bin/codesign exited with 0
2021-09-23 04:56:58 +0000  Entitlements for <IDEDistributionItem: 0x7fc7a001a990; bundleID='tech.hakawi', path='<DVTFilePath:0x7fc7c5022be0:'/Users/bangdinh/Library/Developer/Xcode/Archives/2021-09-23/hakawi 23-09-2021, 11.37.xcarchive/Products/Applications/hakawi.app'>', codeSigningInfo='<_DVTCodeSigningInformation_Path: 0x7fc79a04fe40; isSigned='1', isAdHocSigned='0', signingCertificate='<DVTSigningCertificate: 0x7fc7dde06b20; name='Apple Development: Bang Dinh (6X8U76NLN4)', hash='826F393661769A1DBE8D0EE3B8C503DE6E989039', serialNumber='<DVTSigningCertificateSerialNumber: 0x7fc7c3336a80>', certificateKinds='(
    "1.2.840.113635.100.6.1.12",
    "1.2.840.113635.100.6.1.2"
), issueDate='2021-06-04 02:41:59 +0000''>', entitlements='{
    "application-identifier" = "FS5Q6C42P9.tech.hakawi";
    "aps-environment" = development;
    "com.apple.developer.team-identifier" = FS5Q6C42P9;
    "get-task-allow" = 1;
}', teamID='FS5Q6C42P9', identifier='tech.hakawi', executablePath='<DVTFilePath:0x7fc7c3ad3880:'/Users/bangdinh/Library/Developer/Xcode/Archives/2021-09-23/hakawi 23-09-2021, 11.37.xcarchive/Products/Applications/hakawi.app/hakawi'>', hardenedRuntime='0'>'>: {
    "application-identifier" = "FS5Q6C42P9.tech.hakawi";
    "aps-environment" = development;
    "com.apple.developer.team-identifier" = FS5Q6C42P9;
    "get-task-allow" = 1;
}
2021-09-23 04:56:58 +0000  Entitlements for <IDEDistributionItem: 0x7fc7a001a990; bundleID='tech.hakawi', path='<DVTFilePath:0x7fc7c5022be0:'/Users/bangdinh/Library/Developer/Xcode/Archives/2021-09-23/hakawi 23-09-2021, 11.37.xcarchive/Products/Applications/hakawi.app'>', codeSigningInfo='<_DVTCodeSigningInformation_Path: 0x7fc79a04fe40; isSigned='1', isAdHocSigned='0', signingCertificate='<DVTSigningCertificate: 0x7fc7957a2050; name='Apple Development: Bang Dinh (6X8U76NLN4)', hash='826F393661769A1DBE8D0EE3B8C503DE6E989039', serialNumber='<DVTSigningCertificateSerialNumber: 0x7fc7de393d50>', certificateKinds='(
    "1.2.840.113635.100.6.1.12",
    "1.2.840.113635.100.6.1.2"
), issueDate='2021-06-04 02:41:59 +0000''>', entitlements='{
    "application-identifier" = "FS5Q6C42P9.tech.hakawi";
    "aps-environment" = development;
    "com.apple.developer.team-identifier" = FS5Q6C42P9;
    "get-task-allow" = 1;
}', teamID='FS5Q6C42P9', identifier='tech.hakawi', executablePath='<DVTFilePath:0x7fc7c3ad3880:'/Users/bangdinh/Library/Developer/Xcode/Archives/2021-09-23/hakawi 23-09-2021, 11.37.xcarchive/Products/Applications/hakawi.app/hakawi'>', hardenedRuntime='0'>'> are: {
    "application-identifier" = "FS5Q6C42P9.tech.hakawi";
    "aps-environment" = development;
    "com.apple.developer.team-identifier" = FS5Q6C42P9;
    "get-task-allow" = 1;
}
2021-09-23 04:56:58 +0000  Writing entitlements for <IDEDistributionItem: 0x7fc7a001a990; bundleID='tech.hakawi', path='<DVTFilePath:0x7fc7c5022be0:'/Users/bangdinh/Library/Developer/Xcode/Archives/2021-09-23/hakawi 23-09-2021, 11.37.xcarchive/Products/Applications/hakawi.app'>', codeSigningInfo='<_DVTCodeSigningInformation_Path: 0x7fc79a04fe40; isSigned='1', isAdHocSigned='0', signingCertificate='<DVTSigningCertificate: 0x7fc7957741e0; name='Apple Development: Bang Dinh (6X8U76NLN4)', hash='826F393661769A1DBE8D0EE3B8C503DE6E989039', serialNumber='<DVTSigningCertificateSerialNumber: 0x7fc7c55b48c0>', certificateKinds='(
    "1.2.840.113635.100.6.1.12",
    "1.2.840.113635.100.6.1.2"
), issueDate='2021-06-04 02:41:59 +0000''>', entitlements='{
    "application-identifier" = "FS5Q6C42P9.tech.hakawi";
    "aps-environment" = development;
    "com.apple.developer.team-identifier" = FS5Q6C42P9;
    "get-task-allow" = 1;
}', teamID='FS5Q6C42P9', identifier='tech.hakawi', executablePath='<DVTFilePath:0x7fc7c3ad3880:'/Users/bangdinh/Library/Developer/Xcode/Archives/2021-09-23/hakawi 23-09-2021, 11.37.xcarchive/Products/Applications/hakawi.app/hakawi'>', hardenedRuntime='0'>'> to: /var/folders/yx/bc1yrv7n5vj5xwghg3rg06d00000gn/T/XcodeDistPipeline.~~~MV5UX8/entitlements~~~BYPLbv
2021-09-23 04:56:58 +0000  Running /usr/bin/codesign '-vvv' '--force' '--sign' '826F393661769A1DBE8D0EE3B8C503DE6E989039' '--entitlements' '/var/folders/yx/bc1yrv7n5vj5xwghg3rg06d00000gn/T/XcodeDistPipeline.~~~MV5UX8/entitlements~~~BYPLbv' '--preserve-metadata=identifier,flags,runtime' '/var/folders/yx/bc1yrv7n5vj5xwghg3rg06d00000gn/T/XcodeDistPipeline.~~~MV5UX8/Root/Payload/hakawi.app'
2021-09-23 04:56:58 +0000  /var/folders/yx/bc1yrv7n5vj5xwghg3rg06d00000gn/T/XcodeDistPipeline.~~~MV5UX8/Root/Payload/hakawi.app: replacing existing signature
2021-09-23 04:56:58 +0000  /var/folders/yx/bc1yrv7n5vj5xwghg3rg06d00000gn/T/XcodeDistPipeline.~~~MV5UX8/Root/Payload/hakawi.app: signed app bundle with Mach-O thin (arm64) [tech.hakawi]
2021-09-23 04:56:58 +0000  /usr/bin/codesign exited with 0
2021-09-23 04:56:58 +0000  Processing step: IDEDistributionZipODRItemStep
2021-09-23 04:56:58 +0000  Skipping step: IDEDistributionZipODRItemStep because it said so
2021-09-23 04:56:58 +0000  Skipping step: IDEDistributionZipODRItemStep because it said so
2021-09-23 04:56:58 +0000  Processing step: IDEDistributionCreateIPAStep
2021-09-23 04:56:58 +0000  Running /usr/bin/ditto '-V' '-c' '-k' '--norsrc' '/var/folders/yx/bc1yrv7n5vj5xwghg3rg06d00000gn/T/XcodeDistPipeline.~~~MV5UX8/Root' '/var/folders/yx/bc1yrv7n5vj5xwghg3rg06d00000gn/T/XcodeDistPipeline.~~~MV5UX8/Packages/hakawi.ipa'
2021-09-23 04:56:58 +0000  >>> Copying /var/folders/yx/bc1yrv7n5vj5xwghg3rg06d00000gn/T/XcodeDistPipeline.~~~MV5UX8/Root 
2021-09-23 04:56:58 +0000  copying file ./Payload/hakawi.app/_CodeSignature/CodeResources ... 
2021-09-23 04:56:58 +0000  20966 bytes for ./Payload/hakawi.app/_CodeSignature/CodeResources
2021-09-23 04:56:58 +0000  copying file ./Payload/hakawi.app/SplashScreen.storyboardc/EXPO-VIEWCONTROLLER-1-view-EXPO-ContainerView.nib ... 
2021-09-23 04:56:58 +0000  2401 bytes for ./Payload/hakawi.app/SplashScreen.storyboardc/EXPO-VIEWCONTROLLER-1-view-EXPO-ContainerView.nib
copying file ./Payload/hakawi.app/SplashScreen.storyboardc/SplashScreenViewController.nib ... 
976 bytes for ./Payload/hakawi.app/SplashScreen.storyboardc/SplashScreenViewController.nib
2021-09-23 04:56:58 +0000  copying file ./Payload/hakawi.app/SplashScreen.storyboardc/Info.plist ... 
225 bytes for ./Payload/hakawi.app/SplashScreen.storyboardc/Info.plist
2021-09-23 04:56:58 +0000  copying file ./Payload/hakawi.app/ChauPhilomeneOne-Italic.ttf ... 
2021-09-23 04:56:58 +0000  42956 bytes for ./Payload/hakawi.app/ChauPhilomeneOne-Italic.ttf
2021-09-23 04:56:58 +0000  copying file ./Payload/hakawi.app/ChakraPetch-BoldItalic.ttf ... 
2021-09-23 04:56:58 +0000  73704 bytes for ./Payload/hakawi.app/ChakraPetch-BoldItalic.ttf
2021-09-23 04:56:58 +0000  copying file ./Payload/hakawi.app/ChakraPetch-Regular.ttf ... 
2021-09-23 04:56:58 +0000  71456 bytes for ./Payload/hakawi.app/ChakraPetch-Regular.ttf
copying file ./Payload/hakawi.app/ChakraPetch-SemiBoldItalic.ttf ... 
2021-09-23 04:56:58 +0000  73900 bytes for ./Payload/hakawi.app/ChakraPetch-SemiBoldItalic.ttf
2021-09-23 04:56:58 +0000  copying file ./Payload/hakawi.app/BungeeInline-Regular.ttf ... 
2021-09-23 04:56:58 +0000  174348 bytes for ./Payload/hakawi.app/BungeeInline-Regular.ttf
2021-09-23 04:56:58 +0000  copying file ./Payload/hakawi.app/ChakraPetch-Bold.ttf ... 
2021-09-23 04:56:58 +0000  71364 bytes for ./Payload/hakawi.app/ChakraPetch-Bold.ttf
copying file ./Payload/hakawi.app/AppIcon60x60@2x.png ... 
2021-09-23 04:56:58 +0000  9162 bytes for ./Payload/hakawi.app/AppIcon60x60@2x.png
copying file ./Payload/hakawi.app/ChakraPetch-Italic.ttf ... 
2021-09-23 04:56:58 +0000  73708 bytes for ./Payload/hakawi.app/ChakraPetch-Italic.ttf
2021-09-23 04:56:58 +0000  copying file ./Payload/hakawi.app/AccessibilityResources.bundle/en.lproj/Localizable.strings ... 
530 bytes for ./Payload/hakawi.app/AccessibilityResources.bundle/en.lproj/Localizable.strings
copying file ./Payload/hakawi.app/AccessibilityResources.bundle/Info.plist ... 
2021-09-23 04:56:58 +0000  745 bytes for ./Payload/hakawi.app/AccessibilityResources.bundle/Info.plist
copying file ./Payload/hakawi.app/ChakraPetch-MediumItalic.ttf ... 
2021-09-23 04:56:58 +0000  73876 bytes for ./Payload/hakawi.app/ChakraPetch-MediumItalic.ttf
2021-09-23 04:56:58 +0000  copying file ./Payload/hakawi.app/Base.lproj/LaunchScreen.nib ... 
2021-09-23 04:56:58 +0000  2558 bytes for ./Payload/hakawi.app/Base.lproj/LaunchScreen.nib
copying file ./Payload/hakawi.app/hakawi ... 
2021-09-23 04:56:58 +0000  4789840 bytes for ./Payload/hakawi.app/hakawi
2021-09-23 04:56:58 +0000  copying file ./Payload/hakawi.app/ChakraPetch-Light.ttf ... 
2021-09-23 04:56:58 +0000  71808 bytes for ./Payload/hakawi.app/ChakraPetch-Light.ttf
copying file ./Payload/hakawi.app/Assets.car ... 
2021-09-23 04:56:58 +0000  511855 bytes for ./Payload/hakawi.app/Assets.car
copying file ./Payload/hakawi.app/app.config ... 
2021-09-23 04:56:58 +0000  641 bytes for ./Payload/hakawi.app/app.config
copying file ./Payload/hakawi.app/AppIcon76x76@2x~ipad.png ... 
2021-09-23 04:56:58 +0000  12357 bytes for ./Payload/hakawi.app/AppIcon76x76@2x~ipad.png
copying file ./Payload/hakawi.app/ChakraPetch-SemiBold.ttf ... 
2021-09-23 04:56:58 +0000  71524 bytes for ./Payload/hakawi.app/ChakraPetch-SemiBold.ttf
copying file ./Payload/hakawi.app/main.jsbundle ... 
2021-09-23 04:56:58 +0000  3280657 bytes for ./Payload/hakawi.app/main.jsbundle
copying file ./Payload/hakawi.app/app.manifest ... 
2021-09-23 04:56:58 +0000  9981 bytes for ./Payload/hakawi.app/app.manifest
copying file ./Payload/hakawi.app/ChakraPetch-Medium.ttf ... 
2021-09-23 04:56:58 +0000  71508 bytes for ./Payload/hakawi.app/ChakraPetch-Medium.ttf
2021-09-23 04:56:58 +0000  copying file ./Payload/hakawi.app/ChakraPetch-LightItalic.ttf ... 
2021-09-23 04:56:58 +0000  74088 bytes for ./Payload/hakawi.app/ChakraPetch-LightItalic.ttf
2021-09-23 04:56:58 +0000  copying file ./Payload/hakawi.app/Frameworks/libswiftCore.dylib ... 
2021-09-23 04:56:59 +0000  16915040 bytes for ./Payload/hakawi.app/Frameworks/libswiftCore.dylib
2021-09-23 04:56:59 +0000  copying file ./Payload/hakawi.app/embedded.mobileprovision ... 
18419 bytes for ./Payload/hakawi.app/embedded.mobileprovision
2021-09-23 04:56:59 +0000  copying file ./Payload/hakawi.app/assets/node_modules/expo-gl/package.json ... 
2021-09-23 04:56:59 +0000  1358 bytes for ./Payload/hakawi.app/assets/node_modules/expo-gl/package.json
copying file ./Payload/hakawi.app/assets/node_modules/css-tree/package.json ... 
2021-09-23 04:56:59 +0000  1977 bytes for ./Payload/hakawi.app/assets/node_modules/css-tree/package.json
copying file ./Payload/hakawi.app/assets/node_modules/css-tree/data/patch.json ... 
2021-09-23 04:56:59 +0000  38458 bytes for ./Payload/hakawi.app/assets/node_modules/css-tree/data/patch.json
2021-09-23 04:56:59 +0000  copying file ./Payload/hakawi.app/assets/node_modules/dom-serializer/foreignNames.json ... 
2021-09-23 04:56:59 +0000  3149 bytes for ./Payload/hakawi.app/assets/node_modules/dom-serializer/foreignNames.json
2021-09-23 04:56:59 +0000  copying file ./Payload/hakawi.app/assets/node_modules/@react-navigation/elements/src/assets/back-icon@3x.png ... 
2021-09-23 04:56:59 +0000  761 bytes for ./Payload/hakawi.app/assets/node_modules/@react-navigation/elements/src/assets/back-icon@3x.png
2021-09-23 04:56:59 +0000  copying file ./Payload/hakawi.app/assets/node_modules/@react-navigation/elements/src/assets/back-icon@2x.png ... 
405 bytes for ./Payload/hakawi.app/assets/node_modules/@react-navigation/elements/src/assets/back-icon@2x.png
copying file ./Payload/hakawi.app/assets/node_modules/@react-navigation/elements/src/assets/back-icon.png ... 
2021-09-23 04:56:59 +0000  290 bytes for ./Payload/hakawi.app/assets/node_modules/@react-navigation/elements/src/assets/back-icon.png
copying file ./Payload/hakawi.app/assets/node_modules/@react-navigation/elements/src/assets/back-icon-mask.png ... 
2021-09-23 04:56:59 +0000  913 bytes for ./Payload/hakawi.app/assets/node_modules/@react-navigation/elements/src/assets/back-icon-mask.png
copying file ./Payload/hakawi.app/assets/node_modules/css-select/lib/procedure.json ... 
2021-09-23 04:56:59 +0000  145 bytes for ./Payload/hakawi.app/assets/node_modules/css-select/lib/procedure.json
2021-09-23 04:56:59 +0000  copying file ./Payload/hakawi.app/assets/node_modules/mdn-data/css/at-rules.json ... 
2021-09-23 04:56:59 +0000  16632 bytes for ./Payload/hakawi.app/assets/node_modules/mdn-data/css/at-rules.json
copying file ./Payload/hakawi.app/assets/node_modules/mdn-data/css/properties.json ... 
2021-09-23 04:56:59 +0000  265782 bytes for ./Payload/hakawi.app/assets/node_modules/mdn-data/css/properties.json
copying file ./Payload/hakawi.app/assets/node_modules/mdn-data/css/syntaxes.json ... 
2021-09-23 04:56:59 +0000  26634 bytes for ./Payload/hakawi.app/assets/node_modules/mdn-data/css/syntaxes.json
2021-09-23 04:56:59 +0000  copying file ./Payload/hakawi.app/assets/node_modules/entities/lib/maps/xml.json ... 
2021-09-23 04:56:59 +0000  53 bytes for ./Payload/hakawi.app/assets/node_modules/entities/lib/maps/xml.json
copying file ./Payload/hakawi.app/assets/node_modules/entities/lib/maps/decode.json ... 
299 bytes for ./Payload/hakawi.app/assets/node_modules/entities/lib/maps/decode.json
copying file ./Payload/hakawi.app/assets/node_modules/entities/lib/maps/entities.json ... 
2021-09-23 04:56:59 +0000  32977 bytes for ./Payload/hakawi.app/assets/node_modules/entities/lib/maps/entities.json
copying file ./Payload/hakawi.app/assets/node_modules/entities/lib/maps/legacy.json ... 
2021-09-23 04:56:59 +0000  1356 bytes for ./Payload/hakawi.app/assets/node_modules/entities/lib/maps/legacy.json
2021-09-23 04:56:59 +0000  copying file ./Payload/hakawi.app/assets/assets/images/completed/checked.png ... 
2021-09-23 04:56:59 +0000  9370 bytes for ./Payload/hakawi.app/assets/assets/images/completed/checked.png
2021-09-23 04:56:59 +0000  copying file ./Payload/hakawi.app/assets/assets/images/home/girl.png ... 
2021-09-23 04:56:59 +0000  78657 bytes for ./Payload/hakawi.app/assets/assets/images/home/girl.png
copying file ./Payload/hakawi.app/assets/assets/images/home/man.png ... 
2021-09-23 04:56:59 +0000  80765 bytes for ./Payload/hakawi.app/assets/assets/images/home/man.png
2021-09-23 04:56:59 +0000  copying file ./Payload/hakawi.app/assets/assets/images/home/path_right.png ... 
2021-09-23 04:56:59 +0000  4316 bytes for ./Payload/hakawi.app/assets/assets/images/home/path_right.png
copying file ./Payload/hakawi.app/assets/assets/images/home/path_left.png ... 
2021-09-23 04:56:59 +0000  3685 bytes for ./Payload/hakawi.app/assets/assets/images/home/path_left.png
2021-09-23 04:56:59 +0000  copying file ./Payload/hakawi.app/assets/assets/images/bottom_button/mission_night.png ... 
2021-09-23 04:56:59 +0000  11367 bytes for ./Payload/hakawi.app/assets/assets/images/bottom_button/mission_night.png
copying file ./Payload/hakawi.app/assets/assets/images/bottom_button/mission.png ... 
2021-09-23 04:56:59 +0000  11481 bytes for ./Payload/hakawi.app/assets/assets/images/bottom_button/mission.png
copying file ./Payload/hakawi.app/assets/assets/images/bottom_button/collectibles.png ... 
2021-09-23 04:56:59 +0000  9890 bytes for ./Payload/hakawi.app/assets/assets/images/bottom_button/collectibles.png
copying file ./Payload/hakawi.app/assets/assets/images/bottom_button/friends.png ... 
2021-09-23 04:56:59 +0000  8714 bytes for ./Payload/hakawi.app/assets/assets/images/bottom_button/friends.png
copying file ./Payload/hakawi.app/assets/assets/images/bottom_button/friends_night.png ... 
2021-09-23 04:56:59 +0000  8653 bytes for ./Payload/hakawi.app/assets/assets/images/bottom_button/friends_night.png
copying file ./Payload/hakawi.app/assets/assets/images/bottom_button/market_night.png ... 
2021-09-23 04:56:59 +0000  7409 bytes for ./Payload/hakawi.app/assets/assets/images/bottom_button/market_night.png
copying file ./Payload/hakawi.app/assets/assets/images/bottom_button/market.png ... 
2021-09-23 04:56:59 +0000  7442 bytes for ./Payload/hakawi.app/assets/assets/images/bottom_button/market.png
copying file ./Payload/hakawi.app/assets/assets/images/bottom_button/collectibles_night.png ... 
2021-09-23 04:56:59 +0000  9835 bytes for ./Payload/hakawi.app/assets/assets/images/bottom_button/collectibles_night.png
2021-09-23 04:56:59 +0000  copying file ./Payload/hakawi.app/assets/assets/images/new_item/cow.png ... 
2021-09-23 04:56:59 +0000  17667 bytes for ./Payload/hakawi.app/assets/assets/images/new_item/cow.png
copying file ./Payload/hakawi.app/assets/assets/images/new_item/light.png ... 
2021-09-23 04:56:59 +0000  449348 bytes for ./Payload/hakawi.app/assets/assets/images/new_item/light.png
2021-09-23 04:56:59 +0000  copying file ./Payload/hakawi.app/assets/assets/images/background_night.png ... 
2021-09-23 04:56:59 +0000  153529 bytes for ./Payload/hakawi.app/assets/assets/images/background_night.png
copying file ./Payload/hakawi.app/assets/assets/images/background.png ... 
2021-09-23 04:56:59 +0000  168076 bytes for ./Payload/hakawi.app/assets/assets/images/background.png
2021-09-23 04:56:59 +0000  copying file ./Payload/hakawi.app/assets/assets/images/mission/walking.png ... 
2021-09-23 04:56:59 +0000  88485 bytes for ./Payload/hakawi.app/assets/assets/images/mission/walking.png
copying file ./Payload/hakawi.app/assets/assets/images/mission/exercise.png ... 
2021-09-23 04:56:59 +0000  14057 bytes for ./Payload/hakawi.app/assets/assets/images/mission/exercise.png
copying file ./Payload/hakawi.app/assets/assets/images/mission/smile.png ... 
2021-09-23 04:56:59 +0000  112490 bytes for ./Payload/hakawi.app/assets/assets/images/mission/smile.png
2021-09-23 04:56:59 +0000  copying file ./Payload/hakawi.app/assets/assets/images/health_progress/heart_red.png ... 
1761 bytes for ./Payload/hakawi.app/assets/assets/images/health_progress/heart_red.png
2021-09-23 04:56:59 +0000  copying file ./Payload/hakawi.app/assets/assets/images/health_progress/heart.png ... 
1860 bytes for ./Payload/hakawi.app/assets/assets/images/health_progress/heart.png
2021-09-23 04:56:59 +0000  copying file ./Payload/hakawi.app/assets/assets/images/play/machine.png ... 
2021-09-23 04:56:59 +0000  17715 bytes for ./Payload/hakawi.app/assets/assets/images/play/machine.png
copying file ./Payload/hakawi.app/assets/assets/images/play/chicken.png ... 
2021-09-23 04:56:59 +0000  4287 bytes for ./Payload/hakawi.app/assets/assets/images/play/chicken.png
copying file ./Payload/hakawi.app/assets/assets/images/play/cow.png ... 
2021-09-23 04:56:59 +0000  12676 bytes for ./Payload/hakawi.app/assets/assets/images/play/cow.png
copying file ./Payload/hakawi.app/assets/assets/images/play/house.png ... 
2021-09-23 04:56:59 +0000  6689 bytes for ./Payload/hakawi.app/assets/assets/images/play/house.png
copying file ./Payload/hakawi.app/assets/assets/images/play/tree.png ... 
2021-09-23 04:56:59 +0000  8735 bytes for ./Payload/hakawi.app/assets/assets/images/play/tree.png
2021-09-23 04:56:59 +0000  copying file ./Payload/hakawi.app/assets/assets/images/back_button/back_btn.png ... 
2021-09-23 04:56:59 +0000  5631 bytes for ./Payload/hakawi.app/assets/assets/images/back_button/back_btn.png
copying file ./Payload/hakawi.app/Info.plist ... 
2021-09-23 04:56:59 +0000  2434 bytes for ./Payload/hakawi.app/Info.plist
copying file ./Payload/hakawi.app/ChauPhilomeneOne-Regular.ttf ... 
2021-09-23 04:56:59 +0000  38672 bytes for ./Payload/hakawi.app/ChauPhilomeneOne-Regular.ttf
copying file ./Payload/hakawi.app/Expo.plist ... 
2021-09-23 04:56:59 +0000  219 bytes for ./Payload/hakawi.app/Expo.plist
copying file ./Payload/hakawi.app/PkgInfo ... 
2021-09-23 04:56:59 +0000  8 bytes for ./Payload/hakawi.app/PkgInfo
2021-09-23 04:56:59 +0000  /usr/bin/ditto exited with 0
2021-09-23 04:56:59 +0000  Processing step: IDEDistributionAppStoreInformationStep
2021-09-23 04:56:59 +0000  Skipping step: IDEDistributionAppStoreInformationStep because it said so
2021-09-23 04:56:59 +0000  Processing step: IDEDistributionGenerateProcessedDistributionItems
2021-09-23 04:56:59 +0000  IDEDistributionItem init <DVTFilePath:0x7fc79a86a340:'/var/folders/yx/bc1yrv7n5vj5xwghg3rg06d00000gn/T/XcodeDistPipeline.~~~MV5UX8/Root/Payload/hakawi.app/Frameworks/libswiftCore.dylib'>
2021-09-23 04:56:59 +0000  [OPTIONAL] Can't have a profile, not a bundle at <DVTFilePath:0x7fc79a86a340:'/var/folders/yx/bc1yrv7n5vj5xwghg3rg06d00000gn/T/XcodeDistPipeline.~~~MV5UX8/Root/Payload/hakawi.app/Frameworks/libswiftCore.dylib'>
2021-09-23 04:56:59 +0000  IDEDistributionItem init <DVTFilePath:0x7fc79a50d920:'/var/folders/yx/bc1yrv7n5vj5xwghg3rg06d00000gn/T/XcodeDistPipeline.~~~MV5UX8/Root/Payload/hakawi.app'>
2021-09-23 04:56:59 +0000  Processing step: IDEDistributionCreateManifestStep
